{"numFailedTestSuites":0,"numFailedTests":0,"numPassedTestSuites":10,"numPassedTests":19,"numPendingTestSuites":0,"numPendingTests":0,"numRuntimeErrorTestSuites":0,"numTodoTests":0,"numTotalTestSuites":10,"numTotalTests":19,"openHandles":[],"snapshot":{"added":0,"didUpdate":false,"failure":false,"filesAdded":0,"filesRemoved":0,"filesRemovedList":[],"filesUnmatched":0,"filesUpdated":0,"matched":0,"total":0,"unchecked":0,"uncheckedKeysByFile":[],"unmatched":0,"updated":0},"startTime":1784386336643,"success":true,"testResults":[{"assertionResults":[{"ancestorTitles":["ContactComponent"],"duration":554,"failing":false,"failureDetails":[],"failureMessages":[],"fullName":"ContactComponent shows validation error when form is incomplete","invocations":1,"location":null,"numPassingAsserts":2,"retryReasons":[],"startAt":1784386343872,"status":"passed","title":"shows validation error when form is incomplete"},{"ancestorTitles":["ContactComponent"],"duration":77,"failing":false,"failureDetails":[],"failureMessages":[],"fullName":"ContactComponent submits and resets form on success","invocations":1,"location":null,"numPassingAsserts":3,"retryReasons":[],"startAt":1784386344434,"status":"passed","title":"submits and resets form on success"}],"endTime":1784386344516,"message":"","name":"C:\\Users\\PC\\eclipse-workspace\\demo\\Notes\\Front\\src\\app\\contactComponent\\contactComponent.spec.ts","startTime":1784386341343,"status":"passed","summary":""},{"assertionResults":[{"ancestorTitles":["ProgramsComponent"],"duration":209,"failing":false,"failureDetails":[],"failureMessages":[],"fullName":"ProgramsComponent loads courses from admin managed notes","invocations":1,"location":null,"numPassingAsserts":2,"retryReasons":[],"startAt":1784386345548,"status":"passed","title":"loads courses from admin managed notes"},{"ancestorTitles":["ProgramsComponent"],"duration":30,"failing":false,"failureDetails":[],"failureMessages":[],"fullName":"ProgramsComponent shows error message when loading courses fails","invocations":1,"location":null,"numPassingAsserts":1,"retryReasons":[],"startAt":1784386345759,"status":"passed","title":"shows error message when loading courses fails"}],"endTime":1784386345792,"message":"","name":"C:\\Users\\PC\\eclipse-workspace\\demo\\Notes\\Front\\src\\app\\programsComponent\\programsComponent.spec.ts","startTime":1784386344569,"status":"passed","summary":""},{"assertionResults":[{"ancestorTitles":["AboutComponent"],"duration":144,"failing":false,"failureDetails":[],"failureMessages":[],"fullName":"AboutComponent creates component","invocations":1,"location":null,"numPassingAsserts":1,"retryReasons":[],"startAt":1784386346729,"status":"passed","title":"creates component"},{"ancestorTitles":["AboutComponent"],"duration":35,"failing":false,"failureDetails":[],"failureMessages":[],"fullName":"AboutComponent shows admin link for admin role","invocations":1,"location":null,"numPassingAsserts":1,"retryReasons":[],"startAt":1784386346875,"status":"passed","title":"shows admin link for admin role"}],"endTime":1784386346913,"message":"","name":"C:\\Users\\PC\\eclipse-workspace\\demo\\Notes\\Front\\src\\app\\aboutComponent\\aboutComponent.spec.ts","startTime":1784386345827,"status":"passed","summary":""},{"assertionResults":[{"ancestorTitles":["adminGuard"],"duration":28,"failing":false,"failureDetails":[],"failureMessages":[],"fullName":"adminGuard allows admin users","invocations":1,"location":null,"numPassingAsserts":1,"retryReasons":[],"startAt":1784386347956,"status":"passed","title":"allows admin users"},{"ancestorTitles":["adminGuard"],"duration":15,"failing":false,"failureDetails":[],"failureMessages":[],"fullName":"adminGuard redirects non-admin users to home","invocations":1,"location":null,"numPassingAsserts":2,"retryReasons":[],"startAt":1784386347985,"status":"passed","title":"redirects non-admin users to home"}],"endTime":1784386348003,"message":"","name":"C:\\Users\\PC\\eclipse-workspace\\demo\\Notes\\Front\\src\\app\\guards\\adminGuard.spec.ts","startTime":1784386346939,"status":"passed","summary":""},{"assertionResults":[{"ancestorTitles":["EditableTextComponent"],"duration":86,"failing":false,"failureDetails":[],"failureMessages":[],"fullName":"EditableTextComponent loads stored content value","invocations":1,"location":null,"numPassingAsserts":1,"retryReasons":[],"startAt":1784386349401,"status":"passed","title":"loads stored content value"},{"ancestorTitles":["EditableTextComponent"],"duration":23,"failing":false,"failureDetails":[],"failureMessages":[],"fullName":"EditableTextComponent updates content value on save","invocations":1,"location":null,"numPassingAsserts":2,"retryReasons":[],"startAt":1784386349489,"status":"passed","title":"updates content value on save"},{"ancestorTitles":["EditableTextComponent"],"duration":43,"failing":false,"failureDetails":[],"failureMessages":[],"fullName":"EditableTextComponent falls back to default value when load fails","invocations":1,"location":null,"numPassingAsserts":1,"retryReasons":[],"startAt":1784386349519,"status":"passed","title":"falls back to default value when load fails"}],"endTime":1784386349568,"message":"","name":"C:\\Users\\PC\\eclipse-workspace\\demo\\Notes\\Front\\src\\app\\editableTextComponent\\editableTextComponent.spec.ts","startTime":1784386348039,"status":"passed","summary":""},{"assertionResults":[{"ancestorTitles":["App"],"duration":29,"failing":false,"failureDetails":[],"failureMessages":[],"fullName":"App should create the app","invocations":1,"location":null,"numPassingAsserts":1,"retryReasons":[],"startAt":1784386350487,"status":"passed","title":"should create the app"},{"ancestorTitles":["App"],"duration":10,"failing":false,"failureDetails":[],"failureMessages":[],"fullName":"App should render router outlet shell","invocations":1,"location":null,"numPassingAsserts":1,"retryReasons":[],"startAt":1784386350518,"status":"passed","title":"should render router outlet shell"}],"endTime":1784386350538,"message":"","name":"C:\\Users\\PC\\eclipse-workspace\\demo\\Notes\\Front\\src\\app\\app.spec.ts","startTime":1784386349612,"status":"passed","summary":""},{"assertionResults":[{"ancestorTitles":["AdmissionsComponent"],"duration":133,"failing":false,"failureDetails":[],"failureMessages":[],"fullName":"AdmissionsComponent creates component","invocations":1,"location":null,"numPassingAsserts":1,"retryReasons":[],"startAt":1784386351470,"status":"passed","title":"creates component"},{"ancestorTitles":["AdmissionsComponent"],"duration":28,"failing":false,"failureDetails":[],"failureMessages":[],"fullName":"AdmissionsComponent hides admin link for non admin","invocations":1,"location":null,"numPassingAsserts":1,"retryReasons":[],"startAt":1784386351605,"status":"passed","title":"hides admin link for non admin"}],"endTime":1784386351636,"message":"","name":"C:\\Users\\PC\\eclipse-workspace\\demo\\Notes\\Front\\src\\app\\admissionsComponent\\admissionsComponent.spec.ts","startTime":1784386350566,"status":"passed","summary":""},{"assertionResults":[{"ancestorTitles":["AdminSpaceComponent"],"duration":95,"failing":false,"failureDetails":[],"failureMessages":[],"fullName":"AdminSpaceComponent renders links to admin modules","invocations":1,"location":null,"numPassingAsserts":4,"retryReasons":[],"startAt":1784386352391,"status":"passed","title":"renders links to admin modules"}],"endTime":1784386352488,"message":"","name":"C:\\Users\\PC\\eclipse-workspace\\demo\\Notes\\Front\\src\\app\\adminSpaceComponent\\adminSpaceComponent.spec.ts","startTime":1784386351668,"status":"passed","summary":""},{"assertionResults":[{"ancestorTitles":["SiteContentService"],"duration":17,"failing":false,"failureDetails":[],"failureMessages":[],"fullName":"SiteContentService fetches a content value with default fallback","invocations":1,"location":null,"numPassingAsserts":2,"retryReasons":[],"startAt":1784386353559,"status":"passed","title":"fetches a content value with default fallback"},{"ancestorTitles":["SiteContentService"],"duration":12,"failing":false,"failureDetails":[],"failureMessages":[],"fullName":"SiteContentService updates a content value","invocations":1,"location":null,"numPassingAsserts":3,"retryReasons":[],"startAt":1784386353578,"status":"passed","title":"updates a content value"}],"endTime":1784386353591,"message":"","name":"C:\\Users\\PC\\eclipse-workspace\\demo\\Notes\\Front\\src\\app\\Services\\site-content.service.spec.ts","startTime":1784386352532,"status":"passed","summary":""},{"assertionResults":[{"ancestorTitles":["ContactService"],"duration":14,"failing":false,"failureDetails":[],"failureMessages":[],"fullName":"ContactService posts contact payload to API","invocations":1,"location":null,"numPassingAsserts":1,"retryReasons":[],"startAt":1784386354578,"status":"passed","title":"posts contact payload to API"}],"endTime":1784386354594,"message":"","name":"C:\\Users\\PC\\eclipse-workspace\\demo\\Notes\\Front\\src\\app\\Services\\contactService.spec.ts","startTime":1784386353841,"status":"passed","summary":""}],"wasInterrupted":false}
