{"numFailedTestSuites":0,"numFailedTests":0,"numPassedTestSuites":1,"numPassedTests":2,"numPendingTestSuites":0,"numPendingTests":0,"numRuntimeErrorTestSuites":0,"numTodoTests":0,"numTotalTestSuites":1,"numTotalTests":2,"openHandles":[],"snapshot":{"added":0,"didUpdate":false,"failure":false,"filesAdded":0,"filesRemoved":0,"filesRemovedList":[],"filesUnmatched":0,"filesUpdated":0,"matched":0,"total":0,"unchecked":0,"uncheckedKeysByFile":[],"unmatched":0,"updated":0},"startTime":1784386409697,"success":true,"testResults":[{"assertionResults":[{"ancestorTitles":["ContactComponent"],"duration":366,"failing":false,"failureDetails":[],"failureMessages":[],"fullName":"ContactComponent shows validation error when form is incomplete","invocations":1,"location":null,"numPassingAsserts":2,"retryReasons":[],"startAt":1784386416901,"status":"passed","title":"shows validation error when form is incomplete"},{"ancestorTitles":["ContactComponent"],"duration":50,"failing":false,"failureDetails":[],"failureMessages":[],"fullName":"ContactComponent submits and resets form on success","invocations":1,"location":null,"numPassingAsserts":3,"retryReasons":[],"startAt":1784386417270,"status":"passed","title":"submits and resets form on success"}],"endTime":1784386417324,"message":"","name":"C:\\Users\\PC\\eclipse-workspace\\demo\\Notes\\Front\\src\\app\\contactComponent\\contactComponent.spec.ts","startTime":1784386414622,"status":"passed","summary":""}],"wasInterrupted":false}
